<?xml version="1.0" encoding="UTF-8"?>
<testng-results skipped="0" failed="0" ignored="0" total="1" passed="1">
  <reporter-output>
  </reporter-output>
  <suite name="Suite" duration-ms="15467" started-at="2019-12-14T11:56:00Z" finished-at="2019-12-14T11:56:16Z">
    <groups>
    </groups>
    <test name="Test" duration-ms="15467" started-at="2019-12-14T11:56:00Z" finished-at="2019-12-14T11:56:16Z">
      <class name="com.tawuniya.visitvisaextension.VisitvisaextTEST">
        <test-method status="PASS" signature="vvesadadpayment()[pri:0, instance:com.tawuniya.visitvisaextension.VisitvisaextTEST@396a51ab]" name="vvesadadpayment" duration-ms="15452" started-at="2019-12-14T11:56:00Z" finished-at="2019-12-14T11:56:16Z">
          <reporter-output>
          </reporter-output>
        </test-method> <!-- vvesadadpayment -->
      </class> <!-- com.tawuniya.visitvisaextension.VisitvisaextTEST -->
    </test> <!-- Test -->
  </suite> <!-- Suite -->
</testng-results>
